2026-03-19 10:57:17  INFO      pipeline              [run=fa7a5ae7] Logging initialised  logfile=results\logs\run_20260319_105717.log  errfile=results\logs\run_20260319_105717_errors.log  json_events=False
2026-03-19 10:57:18  DEBUG     matplotlib            matplotlib data path: C:\Users\moham\AppData\Local\Python\pythoncore-3.14-64\Lib\site-packages\matplotlib\mpl-data
2026-03-19 10:57:18  DEBUG     matplotlib            CONFIGDIR=C:\Users\moham\.matplotlib
2026-03-19 10:57:18  DEBUG     matplotlib            interactive is False
2026-03-19 10:57:18  DEBUG     matplotlib            platform is win32
2026-03-19 10:57:18  DEBUG     matplotlib            CACHEDIR=C:\Users\moham\.matplotlib
2026-03-19 10:57:18  DEBUG     matplotlib.font_manager  Using fontManager instance from C:\Users\moham\.matplotlib\fontlist-v390.json
2026-03-19 10:57:18  INFO      pipeline              
============================================================
  Quant Forecasting System v9  >  AAPL  >  2026-03-19 10:57
============================================================
2026-03-19 10:57:18  INFO      pipeline                Device=cpu  Seed=42
2026-03-19 10:57:18  INFO      pipeline                confidence_threshold=0.0  (0.0 = execute all signals, raise after confirming alpha)
2026-03-19 10:57:18  INFO      pipeline                RunConfig — HPO=False  HPO_trials=20  DeepWF=False  MultiTicker=False
2026-03-19 10:57:18  INFO      pipeline              [run=fa7a5ae7] ENVIRONMENT
  Python  : 3.14.3 (tags/v3.14.3:323c59a, Feb  3 2026, 16:04:56) [MSC v.1944 64 bit (AMD64)]
  Platform: Windows-11-10.0.26200-SP0
  GPU     : CPU only
  RAM     : 15.8 GB total
  Packages: numpy=2.4.3  pandas=3.0.1  sklearn=1.8.0  torch=2.10.0+cpu  xgboost=3.2.0  scipy=1.17.1  optuna=4.8.0  yfinance=1.2.0
2026-03-19 10:57:18  INFO      pipeline              [run=fa7a5ae7] RUN CONFIG
    ticker                         = AAPL
    period                         = 10y
    train_ratio                    = 0.7
    val_ratio                      = 0.15
    tickers                        = ('AAPL', 'MSFT', 'GOOGL', 'AMZN', 'NVDA')
    cs_norm_method                 = zscore
    cs_norm_min_tickers            = 3
    align_method                   = inner
    horizons                       = (1, 5, 21)
    seq_len                        = 50
    return_lags                    = (1, 2, 3, 5, 10, 20)
    sma_windows                    = (5, 10, 20, 50, 100, 200)
    rsi_periods                    = (7, 14, 21)
    bb_windows                     = (10, 20)
    vol_windows                    = (5, 10, 20, 60)
    roc_periods                    = (5, 10, 20)
    regime_window                  = 60
    primary_horizon_idx            = 1
    target_mode                    = excess_return
    rank_window                    = 60
    excess_return_window           = 60
    binary_threshold               = 0.0
    feature_selection_k            = 60
    purge_days                     = 5
    epochs                         = 80
    batch_size                     = 64
    lr                             = 0.0003
    weight_decay                   = 0.0001
    patience                       = 15
    threshold                      = 0.5
    class_weight_mode              = balanced
    lstm_hidden                    = 64
    lstm_layers                    = 2
    lstm_dropout                   = 0.3
    tf_d_model                     = 64
    tf_nhead                       = 4
    tf_layers                      = 2
    tf_dropout                     = 0.15
    tf_dim_ff                      = 128
    tcn_channels                   = 32
    tcn_levels                     = 4
    tcn_kernel                     = 3
    tcn_dropout                    = 0.2
    xgb_params                     = {'n_estimators': 600, 'max_depth': 3, 'learning_rate': 0.02, 'subsample': 0.75, 'colsample_bytree': 0.7, 'min_child_weight': 5, 'gamma': 0.2, 'reg_alpha': 0.15, 'reg_lambda': 1.5, 'random_state': 42, 'eval_metric': 'logloss', 'early_stopping_rounds': 40, 'verbosity': 0}
    n_walks                        = 8
    commission_bps                 = 1.0
    slippage_bps                   = 2.0
    impact_coeff                   = 0.1
    adv_shares                     = 10000000.0
    trade_size_shares              = 1000
    risk_free_annual               = 0.05
    confidence_threshold           = 0.0
    use_kelly                      = True
    kelly_fraction                 = 0.2
    max_position                   = 1.0
    stop_loss_pct                  = 0.05
    run_hpo                        = False
    deep_wf                        = False
    hpo_trials                     = 20
    multi_ticker                   = False
2026-03-19 10:57:18  INFO      pipeline              
============================================================
  STEP 1 / 10  --  Data & Feature Engineering (Leakage-Free)
============================================================
2026-03-19 10:57:18  INFO      data_loader             Fetching AAPL (10y) from Yahoo Finance ...
2026-03-19 10:57:18  DEBUG     yfinance              Entering download()
2026-03-19 10:57:18  DEBUG     yfinance              Disabling multithreading because DEBUG logging enabled
2026-03-19 10:57:18  DEBUG     yfinance               Entering history()
2026-03-19 10:57:18  DEBUG     peewee                ('CREATE TABLE IF NOT EXISTS "_tz_kv" ("key" VARCHAR(255) NOT NULL PRIMARY KEY, "value" VARCHAR(255)) WITHOUT ROWID', [])
2026-03-19 10:57:18  DEBUG     peewee                ('SELECT "t1"."key", "t1"."value" FROM "_tz_kv" AS "t1" WHERE ("t1"."key" = ?) LIMIT ? OFFSET ?', ['AAPL', 1, 0])
2026-03-19 10:57:18  DEBUG     yfinance                Entering history()
2026-03-19 10:57:18  DEBUG     yfinance              AAPL: Yahoo GET parameters: {'range': '10y', 'interval': '1d', 'includePrePost': False, 'events': 'div,splits,capitalGains'}
2026-03-19 10:57:18  DEBUG     yfinance                 Entering get()
2026-03-19 10:57:18  DEBUG     yfinance                  Entering _make_request()
2026-03-19 10:57:18  DEBUG     yfinance              url=https://query2.finance.yahoo.com/v8/finance/chart/AAPL
2026-03-19 10:57:18  DEBUG     yfinance              params={'range': '10y', 'interval': '1d', 'includePrePost': False, 'events': 'div,splits,capitalGains'}
2026-03-19 10:57:18  DEBUG     yfinance                   Entering _get_cookie_and_crumb()
2026-03-19 10:57:18  DEBUG     yfinance              cookie_mode = 'basic'
2026-03-19 10:57:18  DEBUG     yfinance                    Entering _get_cookie_and_crumb_basic()
2026-03-19 10:57:18  DEBUG     yfinance                     Entering _get_cookie_basic()
2026-03-19 10:57:18  DEBUG     yfinance                      Entering _load_cookie_curlCffi()
2026-03-19 10:57:18  DEBUG     peewee                ('CREATE TABLE IF NOT EXISTS "_cookieschema" ("strategy" VARCHAR(255) NOT NULL PRIMARY KEY, "fetch_date" DATETIME NOT NULL, "cookie_bytes" BLOB NOT NULL) WITHOUT ROWID', [])
2026-03-19 10:57:18  DEBUG     peewee                ('SELECT "t1"."strategy", "t1"."fetch_date", "t1"."cookie_bytes" FROM "_cookieschema" AS "t1" WHERE ("t1"."strategy" = ?) LIMIT ? OFFSET ?', ['curlCffi', 1, 0])
2026-03-19 10:57:18  DEBUG     yfinance                      Exiting _load_cookie_curlCffi()
2026-03-19 10:57:18  DEBUG     yfinance              reusing persistent cookie
2026-03-19 10:57:18  DEBUG     yfinance                     Exiting _get_cookie_basic()
2026-03-19 10:57:18  DEBUG     yfinance                     Entering _get_crumb_basic()
2026-03-19 10:57:18  DEBUG     yfinance                      Entering _get_cookie_basic()
2026-03-19 10:57:18  DEBUG     yfinance              reusing cookie
2026-03-19 10:57:18  DEBUG     yfinance                      Exiting _get_cookie_basic()
2026-03-19 10:57:19  DEBUG     yfinance              crumb = 'OxlHf5YMYsB'
2026-03-19 10:57:19  DEBUG     yfinance                     Exiting _get_crumb_basic()
2026-03-19 10:57:19  DEBUG     yfinance                    Exiting _get_cookie_and_crumb_basic()
2026-03-19 10:57:19  DEBUG     yfinance                   Exiting _get_cookie_and_crumb()
2026-03-19 10:57:19  DEBUG     yfinance              response code=200
2026-03-19 10:57:19  DEBUG     yfinance                  Exiting _make_request()
2026-03-19 10:57:19  DEBUG     yfinance                 Exiting get()
2026-03-19 10:57:19  DEBUG     yfinance              AAPL: yfinance received OHLC data: 2016-03-21 13:30:00 -> 2026-03-18 20:00:01
2026-03-19 10:57:19  DEBUG     yfinance              AAPL: OHLC after cleaning: 2016-03-21 09:30:00-04:00 -> 2026-03-18 16:00:01-04:00
2026-03-19 10:57:19  DEBUG     yfinance              AAPL: OHLC after combining events: 2016-03-21 00:00:00-04:00 -> 2026-03-18 00:00:00-04:00
2026-03-19 10:57:19  DEBUG     yfinance              AAPL: yfinance returning OHLC: 2016-03-21 00:00:00-04:00 -> 2026-03-18 00:00:00-04:00
2026-03-19 10:57:19  DEBUG     yfinance                Exiting history()
2026-03-19 10:57:19  DEBUG     yfinance               Exiting history()
2026-03-19 10:57:19  DEBUG     yfinance              Exiting download()
2026-03-19 10:57:19  INFO      data_loader             Raw download: 2513 rows, columns: ['Close', 'High', 'Low', 'Open', 'Volume']
2026-03-19 10:57:19  INFO      data_loader             validate_ohlcv: 'AAPL' — 2513 clean bars  (2016-03-21 → 2026-03-18)
2026-03-19 10:57:19  INFO      features                [V8] Features=109  Targets=['target_exc_bin_1d', 'target_exc_1d', 'target_exc_bin_5d', 'target_exc_5d', 'target_exc_bin_21d', 'target_exc_21d']
2026-03-19 10:57:19  INFO      features                Train=1618  Val=236  Test=236
2026-03-19 10:57:19  INFO      features                UP%: tr=0.0%  va=0.0%  te=-0.0%
2026-03-19 10:57:19  WARNING   features                Class imbalance: 0.0% UP. Applying class weights.
2026-03-19 10:57:19  INFO      pipeline                Primary target: target_exc_1d  (5-day)
2026-03-19 10:57:19  INFO      pipeline              
============================================================
  STEP 2 / 10  --  Class Imbalance & Weights
============================================================
2026-03-19 10:57:19  INFO      pipeline                UP% train=0.0%  pos_weight=1.000
2026-03-19 10:57:19  INFO      pipeline              
============================================================
  STEP 3 / 10  --  Walk-Forward Validation (Purged)
============================================================
2026-03-19 10:57:19  INFO      data_loader             Fetching AAPL (10y) from Yahoo Finance ...
2026-03-19 10:57:19  DEBUG     yfinance              Entering download()
2026-03-19 10:57:19  DEBUG     yfinance              Disabling multithreading because DEBUG logging enabled
2026-03-19 10:57:19  DEBUG     yfinance               Entering history()
2026-03-19 10:57:19  DEBUG     peewee                ('SELECT "t1"."key", "t1"."value" FROM "_tz_kv" AS "t1" WHERE ("t1"."key" = ?) LIMIT ? OFFSET ?', ['AAPL', 1, 0])
2026-03-19 10:57:19  DEBUG     yfinance                Entering history()
2026-03-19 10:57:19  DEBUG     yfinance              AAPL: Yahoo GET parameters: {'range': '10y', 'interval': '1d', 'includePrePost': False, 'events': 'div,splits,capitalGains'}
2026-03-19 10:57:19  DEBUG     yfinance                 Entering get()
2026-03-19 10:57:19  DEBUG     yfinance                  Entering _make_request()
2026-03-19 10:57:19  DEBUG     yfinance              url=https://query2.finance.yahoo.com/v8/finance/chart/AAPL
2026-03-19 10:57:19  DEBUG     yfinance              params={'range': '10y', 'interval': '1d', 'includePrePost': False, 'events': 'div,splits,capitalGains'}
2026-03-19 10:57:19  DEBUG     yfinance                   Entering _get_cookie_and_crumb()
2026-03-19 10:57:19  DEBUG     yfinance              cookie_mode = 'basic'
2026-03-19 10:57:19  DEBUG     yfinance                    Entering _get_cookie_and_crumb_basic()
2026-03-19 10:57:19  DEBUG     yfinance                     Entering _get_cookie_basic()
2026-03-19 10:57:19  DEBUG     yfinance              reusing cookie
2026-03-19 10:57:19  DEBUG     yfinance                     Exiting _get_cookie_basic()
2026-03-19 10:57:19  DEBUG     yfinance                     Entering _get_crumb_basic()
2026-03-19 10:57:19  DEBUG     yfinance              reusing crumb
2026-03-19 10:57:19  DEBUG     yfinance                     Exiting _get_crumb_basic()
2026-03-19 10:57:19  DEBUG     yfinance                    Exiting _get_cookie_and_crumb_basic()
2026-03-19 10:57:19  DEBUG     yfinance                   Exiting _get_cookie_and_crumb()
2026-03-19 10:57:20  DEBUG     yfinance              response code=200
2026-03-19 10:57:20  DEBUG     yfinance                  Exiting _make_request()
2026-03-19 10:57:20  DEBUG     yfinance                 Exiting get()
2026-03-19 10:57:20  DEBUG     yfinance              AAPL: yfinance received OHLC data: 2016-03-21 13:30:00 -> 2026-03-18 20:00:01
2026-03-19 10:57:20  DEBUG     yfinance              AAPL: OHLC after cleaning: 2016-03-21 09:30:00-04:00 -> 2026-03-18 16:00:01-04:00
2026-03-19 10:57:20  DEBUG     yfinance              AAPL: OHLC after combining events: 2016-03-21 00:00:00-04:00 -> 2026-03-18 00:00:00-04:00
2026-03-19 10:57:20  DEBUG     yfinance              AAPL: yfinance returning OHLC: 2016-03-21 00:00:00-04:00 -> 2026-03-18 00:00:00-04:00
2026-03-19 10:57:20  DEBUG     yfinance                Exiting history()
2026-03-19 10:57:20  DEBUG     yfinance               Exiting history()
2026-03-19 10:57:20  DEBUG     yfinance              Exiting download()
2026-03-19 10:57:20  INFO      data_loader             Raw download: 2513 rows, columns: ['Close', 'High', 'Low', 'Open', 'Volume']
2026-03-19 10:57:20  INFO      data_loader             validate_ohlcv: 'AAPL' — 2513 clean bars  (2016-03-21 → 2026-03-18)
2026-03-19 10:57:20  INFO      walk_forward            [WalkForward] Purge extended: purge_days=5 < seq_len+horizon=50+1. Using effective_purge=51.
2026-03-19 10:57:20  INFO      walk_forward            [WalkForward] 8 folds  test_window=270  effective_purge=51  (purge_days=5, seq_len=50, horizon=1)
2026-03-19 10:57:20  INFO      walk_forward            Fold 1/8  train=[2016-03-21..2017-05-26] (159d)  gap=51d  test=[2017-08-10..2018-09-05] (129d)  UP=0%  clean=True
2026-03-19 10:57:20  INFO      walk_forward            Fold 1  acc=100.0%  auc=nan  ic=+nan  sharpe=-0.89  sortino=-1.26  win=48.1%  maxdd=-17.1%  vs_bl=+0.488
2026-03-19 10:57:20  INFO      walk_forward            Fold 2/8  train=[2016-03-21..2018-06-22] (429d)  gap=51d  test=[2018-09-06..2019-10-02] (129d)  UP=0%  clean=True
2026-03-19 10:57:20  INFO      walk_forward            Fold 2  acc=100.0%  auc=nan  ic=+nan  sharpe=+0.81  sortino=+1.32  win=46.5%  maxdd=-24.0%  vs_bl=+0.341
2026-03-19 10:57:20  INFO      walk_forward            Fold 3/8  train=[2016-03-21..2019-07-22] (699d)  gap=51d  test=[2019-10-03..2020-10-27] (129d)  UP=0%  clean=True
2026-03-19 10:57:21  INFO      walk_forward            Fold 3  acc=100.0%  auc=nan  ic=+nan  sharpe=-1.00  sortino=-1.33  win=45.7%  maxdd=-32.9%  vs_bl=+0.597
2026-03-19 10:57:21  INFO      walk_forward            Fold 4/8  train=[2016-03-21..2020-08-14] (969d)  gap=51d  test=[2020-10-28..2021-11-22] (129d)  UP=0%  clean=True
2026-03-19 10:57:21  INFO      walk_forward            Fold 4  acc=100.0%  auc=nan  ic=+nan  sharpe=-1.06  sortino=-1.59  win=49.6%  maxdd=-25.8%  vs_bl=+0.543
2026-03-19 10:57:21  INFO      walk_forward            Fold 5/8  train=[2016-03-21..2021-09-10] (1239d)  gap=51d  test=[2021-11-23..2022-12-19] (129d)  UP=0%  clean=True
2026-03-19 10:57:21  INFO      walk_forward            Fold 5  acc=100.0%  auc=nan  ic=+nan  sharpe=+0.27  sortino=+0.43  win=52.7%  maxdd=-16.1%  vs_bl=+0.318
2026-03-19 10:57:21  INFO      walk_forward            Fold 6/8  train=[2016-03-21..2022-10-06] (1509d)  gap=51d  test=[2022-12-20..2024-01-18] (129d)  UP=0%  clean=True
2026-03-19 10:57:21  INFO      walk_forward            Fold 6  acc=100.0%  auc=nan  ic=+nan  sharpe=-3.28  sortino=-4.66  win=43.4%  maxdd=-35.5%  vs_bl=+0.791
2026-03-19 10:57:21  INFO      walk_forward            Fold 7/8  train=[2016-03-21..2023-11-02] (1779d)  gap=51d  test=[2024-01-19..2025-02-14] (129d)  UP=0%  clean=True
2026-03-19 10:57:22  INFO      walk_forward            Fold 7  acc=100.0%  auc=nan  ic=+nan  sharpe=-1.15  sortino=-1.45  win=45.7%  maxdd=-31.1%  vs_bl=+0.488
2026-03-19 10:57:22  INFO      walk_forward            Fold 8/8  train=[2016-03-21..2024-11-29] (2049d)  gap=51d  test=[2025-02-18..2026-03-16] (129d)  UP=0%  clean=True
2026-03-19 10:57:22  INFO      walk_forward            Fold 8  acc=100.0%  auc=nan  ic=+nan  sharpe=+0.15  sortino=+0.17  win=48.8%  maxdd=-30.0%  vs_bl=+0.395
2026-03-19 10:57:22  INFO      walk_forward          
  Per-Fold Results:
 fold  train_end test_start   test_end  tr_rows  te_rows  fold_gap_days  is_clean  xgb_acc  xgb_auc  xgb_sharpe  xgb_sortino  xgb_win_rate  xgb_max_dd  xgb_ic  baseline_acc  xgb_vs_baseline
    1 2017-05-26 2017-08-10 2018-09-05      159      129             51      True      1.0      NaN   -0.892617    -1.264504      0.480620   -0.170830     NaN      0.511628         0.488372
    2 2018-06-22 2018-09-06 2019-10-02      429      129             51      True      1.0      NaN    0.809859     1.321313      0.465116   -0.239970     NaN      0.658915         0.341085
    3 2019-07-22 2019-10-03 2020-10-27      699      129             51      True      1.0      NaN   -1.003996    -1.327474      0.457364   -0.328850     NaN      0.403101         0.596899
    4 2020-08-14 2020-10-28 2021-11-22      969      129             51      True      1.0      NaN   -1.064048    -1.587431      0.496124   -0.257732     NaN      0.457364         0.542636
    5 2021-09-10 2021-11-23 2022-12-19     1239      129             51      True      1.0      NaN    0.271225     0.429213      0.527132   -0.161464     NaN      0.682171         0.317829
    6 2022-10-06 2022-12-20 2024-01-18     1509      129             51      True      1.0      NaN   -3.283232    -4.664257      0.434109   -0.355478     NaN      0.209302         0.790698
    7 2023-11-02 2024-01-19 2025-02-14     1779      129             51      True      1.0      NaN   -1.150884    -1.447309      0.457364   -0.311299     NaN      0.511628         0.488372
    8 2024-11-29 2025-02-18 2026-03-16     2049      129             51      True      1.0      NaN    0.146852     0.171649      0.488372   -0.300098     NaN      0.604651         0.395349
2026-03-19 10:57:22  INFO      walk_forward          
  Walk-Forward Summary  (8 folds, 8 clean, effective_purge=51d):
  Accuracy   : 1.000 ± 0.000  (baseline: 0.505 ± 0.154)
  AUC        : n/a
  IC         : n/a
  Sharpe     : -0.771 ± 1.256
  Sortino    : -1.046 ± 1.810
  Win Rate   : 0.476 ± 0.029
  Max DD     : -0.266 ± 0.072
  vs Baseline: 0.495 ± 0.154  (POSITIVE)
2026-03-19 10:57:22  INFO      pipeline              
============================================================
  STEP 4 / 10  --  Feature Selection (MI + XGB) + Single Scaler
============================================================
2026-03-19 10:57:22  INFO      features                [FeatureSelection] Scoring 109 features -> keeping top 60 (inner_folds=5)
2026-03-19 10:57:22  WARNING   features                MI fold 0 failed (Unknown label type: continuous. Maybe you are trying to fit a classifier, which expects discrete classes on a regression target with continuous values.) -- using uniform.
2026-03-19 10:57:22  DEBUG     features                Fold 0: MI + XGB on 538 rows (cut=538/1618)
2026-03-19 10:57:22  WARNING   features                MI fold 1 failed (Unknown label type: continuous. Maybe you are trying to fit a classifier, which expects discrete classes on a regression target with continuous values.) -- using uniform.
2026-03-19 10:57:22  DEBUG     features                Fold 1: MI + XGB on 807 rows (cut=807/1618)
2026-03-19 10:57:22  WARNING   features                MI fold 2 failed (Unknown label type: continuous. Maybe you are trying to fit a classifier, which expects discrete classes on a regression target with continuous values.) -- using uniform.
2026-03-19 10:57:22  DEBUG     features                Fold 2: MI + XGB on 1076 rows (cut=1076/1618)
2026-03-19 10:57:22  WARNING   features                MI fold 3 failed (Unknown label type: continuous. Maybe you are trying to fit a classifier, which expects discrete classes on a regression target with continuous values.) -- using uniform.
2026-03-19 10:57:22  DEBUG     features                Fold 3: MI + XGB on 1345 rows (cut=1345/1618)
2026-03-19 10:57:22  WARNING   features                MI fold 4 failed (Unknown label type: continuous. Maybe you are trying to fit a classifier, which expects discrete classes on a regression target with continuous values.) -- using uniform.
2026-03-19 10:57:22  DEBUG     features                Fold 4: MI + XGB on 1614 rows (cut=1614/1618)
2026-03-19 10:57:22  INFO      features                [FeatureSelection] MI + XGB averaged over 5/5 folds.
2026-03-19 10:57:22  INFO      features                [FeatureSelection] 109 -> 60 features. Top-5: ['vol_accel', 'price_accel', 'zscore_120', 'zscore_60', 'zscore_20']
2026-03-19 10:57:22  INFO      pipeline                Features after selection: 60
2026-03-19 10:57:22  INFO      pipeline                Single scaler fitted on 60 selected features.
2026-03-19 10:57:22  INFO      pipeline              
============================================================
  STEP 5 / 10  --  Scaling & Sequence Generation
============================================================
2026-03-19 10:57:22  INFO      pipeline                Train=1,568  Stack(val-first-half)=93  ValEval(val-second-half)=93  Test=186
2026-03-19 10:57:22  INFO      pipeline              
============================================================
  STEP 6 / 10  --  Training Models
============================================================
2026-03-19 10:57:22  INFO      pipeline              
  XGBoost (scale_pos_weight=1.000) ...
2026-03-19 10:57:22  INFO      pipeline              
  lstm (pos_weight=1.000) ...
2026-03-19 10:57:22  INFO      pipeline                Params: 77,625
2026-03-19 10:57:23  INFO      trainer                 lstm  device=cpu  AMP=False  lr=3.00e-04  pos_weight=1.00  warmup=5ep  patience=15
2026-03-19 10:57:23  INFO      trainer                 Epoch   1/80  train=0.6383  val=0.6218  lr=6.00e-05  grad=1.236
2026-03-19 10:57:24  INFO      trainer                 Epoch   2/80  train=0.5673  val=0.5287  lr=1.20e-04  grad=1.055
2026-03-19 10:57:24  INFO      trainer                 Epoch   3/80  train=0.4827  val=0.4352  lr=1.80e-04  grad=0.994
2026-03-19 10:57:25  INFO      trainer                 Epoch   4/80  train=0.4181  val=0.3647  lr=2.40e-04  grad=0.980
2026-03-19 10:57:25  INFO      trainer                 Epoch   5/80  train=0.3583  val=0.2872  lr=3.00e-04  grad=0.906
2026-03-19 10:57:25  INFO      trainer                 Epoch   6/80  train=0.2896  val=0.2237  lr=2.91e-04  grad=0.804
2026-03-19 10:57:26  INFO      trainer                 Epoch   7/80  train=0.2532  val=0.1751  lr=2.65e-04  grad=0.702
2026-03-19 10:57:26  INFO      trainer                 Epoch   8/80  train=0.2143  val=0.1410  lr=2.25e-04  grad=0.591
2026-03-19 10:57:26  INFO      trainer                 Epoch   9/80  train=0.1934  val=0.1188  lr=1.76e-04  grad=0.504
2026-03-19 10:57:27  INFO      trainer                 Epoch  10/80  train=0.1778  val=0.1049  lr=1.24e-04  grad=0.434
2026-03-19 10:57:27  INFO      trainer                 Epoch  11/80  train=0.1683  val=0.0964  lr=7.50e-05  grad=0.397
2026-03-19 10:57:28  INFO      trainer                 Epoch  12/80  train=0.1649  val=0.0916  lr=3.51e-05  grad=0.372
2026-03-19 10:57:28  INFO      trainer                 Epoch  13/80  train=0.1621  val=0.0896  lr=9.05e-06  grad=0.355
2026-03-19 10:57:28  INFO      trainer                 Epoch  14/80  train=0.1592  val=0.0890  lr=3.00e-04  grad=0.348
2026-03-19 10:57:29  INFO      trainer                 Epoch  15/80  train=0.1539  val=0.0738  lr=2.98e-04  grad=0.316
2026-03-19 10:57:29  INFO      trainer                 Epoch  16/80  train=0.1442  val=0.0622  lr=2.91e-04  grad=0.253
2026-03-19 10:57:29  INFO      trainer                 Epoch  17/80  train=0.1373  val=0.0541  lr=2.80e-04  grad=0.200
2026-03-19 10:57:30  INFO      trainer                 Epoch  18/80  train=0.1335  val=0.0484  lr=2.65e-04  grad=0.161
2026-03-19 10:57:30  INFO      trainer                 Epoch  19/80  train=0.1304  val=0.0444  lr=2.46e-04  grad=0.127
2026-03-19 10:57:31  INFO      trainer                 Epoch  20/80  train=0.1285  val=0.0417  lr=2.25e-04  grad=0.109
2026-03-19 10:57:31  INFO      trainer                 Epoch  21/80  train=0.1263  val=0.0391  lr=2.01e-04  grad=0.088
2026-03-19 10:57:31  INFO      trainer                 Epoch  22/80  train=0.1275  val=0.0377  lr=1.76e-04  grad=0.079
2026-03-19 10:57:32  INFO      trainer                 Epoch  23/80  train=0.1278  val=0.0364  lr=1.50e-04  grad=0.077
2026-03-19 10:57:32  INFO      trainer                 Epoch  24/80  train=0.1268  val=0.0355  lr=1.24e-04  grad=0.066
2026-03-19 10:57:33  INFO      trainer                 Epoch  25/80  train=0.1241  val=0.0348  lr=9.87e-05  grad=0.059
2026-03-19 10:57:33  INFO      trainer                 Epoch  26/80  train=0.1240  val=0.0342  lr=7.50e-05  grad=0.053
2026-03-19 10:57:33  INFO      trainer                 Epoch  27/80  train=0.1251  val=0.0339  lr=5.36e-05  grad=0.053
2026-03-19 10:57:34  INFO      trainer                 Epoch  28/80  train=0.1259  val=0.0336  lr=3.51e-05  grad=0.056
2026-03-19 10:57:34  INFO      trainer                 Epoch  29/80  train=0.1254  val=0.0335  lr=2.01e-05  grad=0.049
2026-03-19 10:57:34  INFO      trainer                 Epoch  30/80  train=0.1240  val=0.0334  lr=9.05e-06  grad=0.048
2026-03-19 10:57:35  INFO      trainer                 Epoch  31/80  train=0.1244  val=0.0334  lr=2.28e-06  grad=0.054
2026-03-19 10:57:35  INFO      trainer                 Epoch  32/80  train=0.1239  val=0.0333  lr=3.00e-04  grad=0.045
2026-03-19 10:57:36  INFO      trainer                 Epoch  33/80  train=0.1246  val=0.0324  lr=2.99e-04  grad=0.048
2026-03-19 10:57:36  INFO      trainer                 Epoch  34/80  train=0.1248  val=0.0317  lr=2.98e-04  grad=0.043
2026-03-19 10:57:36  INFO      trainer                 Epoch  35/80  train=0.1246  val=0.0308  lr=2.95e-04  grad=0.039
2026-03-19 10:57:37  INFO      trainer                 Epoch  36/80  train=0.1234  val=0.0308  lr=2.91e-04  grad=0.039
2026-03-19 10:57:37  INFO      trainer                 Epoch  37/80  train=0.1227  val=0.0307  lr=2.86e-04  grad=0.032
2026-03-19 10:57:37  INFO      trainer                 Epoch  38/80  train=0.1234  val=0.0306  lr=2.80e-04  grad=0.035
2026-03-19 10:57:38  INFO      trainer                 Epoch  40/80  train=0.1240  val=0.0302  lr=2.65e-04  grad=0.038
2026-03-19 10:57:39  INFO      trainer                 Epoch  41/80  train=0.1235  val=0.0299  lr=2.56e-04  grad=0.030
2026-03-19 10:57:41  INFO      trainer                 Epoch  48/80  train=0.1228  val=0.0299  lr=1.76e-04  grad=0.034
2026-03-19 10:57:42  INFO      trainer                 Epoch  50/80  train=0.1222  val=0.0309  lr=1.50e-04  grad=0.033
2026-03-19 10:57:46  INFO      trainer                 Epoch  60/80  train=0.1216  val=0.0300  lr=3.51e-05  grad=0.033
2026-03-19 10:57:47  INFO      trainer                 Early stop epoch=63  best_val=0.0299  best_epoch=48
2026-03-19 10:57:47  INFO      trainer                 lstm done  best_epoch=48  best_val=0.0299
2026-03-19 10:57:47  INFO      pipeline                Saved lstm checkpoint → results\checkpoints\lstm.pt
2026-03-19 10:57:47  INFO      pipeline              
  gru (pos_weight=1.000) ...
2026-03-19 10:57:47  INFO      pipeline                Params: 60,985
2026-03-19 10:57:47  INFO      trainer                 gru  device=cpu  AMP=False  lr=3.00e-04  pos_weight=1.00  warmup=5ep  patience=15
2026-03-19 10:57:48  INFO      trainer                 Epoch   1/80  train=0.5916  val=0.5766  lr=6.00e-05  grad=1.240
2026-03-19 10:57:48  INFO      trainer                 Epoch   2/80  train=0.4920  val=0.4619  lr=1.20e-04  grad=1.042
2026-03-19 10:57:49  INFO      trainer                 Epoch   3/80  train=0.4122  val=0.3715  lr=1.80e-04  grad=0.961
2026-03-19 10:57:50  INFO      trainer                 Epoch   4/80  train=0.3444  val=0.2962  lr=2.40e-04  grad=0.902
2026-03-19 10:57:50  INFO      trainer                 Epoch   5/80  train=0.2909  val=0.2295  lr=3.00e-04  grad=0.812
2026-03-19 10:57:51  INFO      trainer                 Epoch   6/80  train=0.2411  val=0.1801  lr=2.91e-04  grad=0.690
2026-03-19 10:57:52  INFO      trainer                 Epoch   7/80  train=0.2068  val=0.1440  lr=2.65e-04  grad=0.576
2026-03-19 10:57:53  INFO      trainer                 Epoch   8/80  train=0.1840  val=0.1186  lr=2.25e-04  grad=0.488
2026-03-19 10:57:53  INFO      trainer                 Epoch   9/80  train=0.1671  val=0.1019  lr=1.76e-04  grad=0.415
2026-03-19 10:57:54  INFO      trainer                 Epoch  10/80  train=0.1591  val=0.0914  lr=1.24e-04  grad=0.363
2026-03-19 10:57:55  INFO      trainer                 Epoch  11/80  train=0.1494  val=0.0850  lr=7.50e-05  grad=0.319
2026-03-19 10:57:56  INFO      trainer                 Epoch  12/80  train=0.1487  val=0.0814  lr=3.51e-05  grad=0.306
2026-03-19 10:57:56  INFO      trainer                 Epoch  13/80  train=0.1469  val=0.0798  lr=9.05e-06  grad=0.292
2026-03-19 10:57:57  INFO      trainer                 Epoch  14/80  train=0.1457  val=0.0794  lr=3.00e-04  grad=0.284
2026-03-19 10:57:58  INFO      trainer                 Epoch  15/80  train=0.1414  val=0.0673  lr=2.98e-04  grad=0.257
2026-03-19 10:57:58  INFO      trainer                 Epoch  16/80  train=0.1345  val=0.0584  lr=2.91e-04  grad=0.212
2026-03-19 10:57:59  INFO      trainer                 Epoch  17/80  train=0.1311  val=0.0517  lr=2.80e-04  grad=0.164
2026-03-19 10:58:00  INFO      trainer                 Epoch  18/80  train=0.1277  val=0.0471  lr=2.65e-04  grad=0.132
2026-03-19 10:58:01  INFO      trainer                 Epoch  19/80  train=0.1260  val=0.0438  lr=2.46e-04  grad=0.116
2026-03-19 10:58:01  INFO      trainer                 Epoch  20/80  train=0.1249  val=0.0413  lr=2.25e-04  grad=0.092
2026-03-19 10:58:02  INFO      trainer                 Epoch  21/80  train=0.1233  val=0.0395  lr=2.01e-04  grad=0.075
2026-03-19 10:58:03  INFO      trainer                 Epoch  22/80  train=0.1237  val=0.0382  lr=1.76e-04  grad=0.077
2026-03-19 10:58:03  INFO      trainer                 Epoch  23/80  train=0.1226  val=0.0372  lr=1.50e-04  grad=0.064
2026-03-19 10:58:04  INFO      trainer                 Epoch  24/80  train=0.1216  val=0.0365  lr=1.24e-04  grad=0.054
2026-03-19 10:58:05  INFO      trainer                 Epoch  25/80  train=0.1227  val=0.0359  lr=9.87e-05  grad=0.052
2026-03-19 10:58:06  INFO      trainer                 Epoch  26/80  train=0.1214  val=0.0354  lr=7.50e-05  grad=0.050
2026-03-19 10:58:06  INFO      trainer                 Epoch  27/80  train=0.1213  val=0.0352  lr=5.36e-05  grad=0.047
2026-03-19 10:58:07  INFO      trainer                 Epoch  28/80  train=0.1218  val=0.0350  lr=3.51e-05  grad=0.049
2026-03-19 10:58:08  INFO      trainer                 Epoch  29/80  train=0.1217  val=0.0348  lr=2.01e-05  grad=0.049
2026-03-19 10:58:08  INFO      trainer                 Epoch  30/80  train=0.1220  val=0.0348  lr=9.05e-06  grad=0.044
2026-03-19 10:58:09  INFO      trainer                 Epoch  31/80  train=0.1219  val=0.0347  lr=2.28e-06  grad=0.045
2026-03-19 10:58:10  INFO      trainer                 Epoch  32/80  train=0.1213  val=0.0347  lr=3.00e-04  grad=0.043
2026-03-19 10:58:10  INFO      trainer                 Epoch  33/80  train=0.1214  val=0.0338  lr=2.99e-04  grad=0.039
2026-03-19 10:58:11  INFO      trainer                 Epoch  34/80  train=0.1209  val=0.0330  lr=2.98e-04  grad=0.037
2026-03-19 10:58:12  INFO      trainer                 Epoch  35/80  train=0.1202  val=0.0324  lr=2.95e-04  grad=0.030
2026-03-19 10:58:13  INFO      trainer                 Epoch  36/80  train=0.1221  val=0.0322  lr=2.91e-04  grad=0.031
2026-03-19 10:58:13  INFO      trainer                 Epoch  37/80  train=0.1205  val=0.0318  lr=2.86e-04  grad=0.031
2026-03-19 10:58:14  INFO      trainer                 Epoch  38/80  train=0.1203  val=0.0315  lr=2.80e-04  grad=0.029
2026-03-19 10:58:15  INFO      trainer                 Epoch  39/80  train=0.1213  val=0.0304  lr=2.73e-04  grad=0.031
2026-03-19 10:58:15  INFO      trainer                 Epoch  40/80  train=0.1219  val=0.0304  lr=2.65e-04  grad=0.032
2026-03-19 10:58:20  INFO      trainer                 Epoch  46/80  train=0.1213  val=0.0304  lr=2.01e-04  grad=0.029
2026-03-19 10:58:20  INFO      trainer                 Epoch  47/80  train=0.1214  val=0.0302  lr=1.89e-04  grad=0.029
2026-03-19 10:58:23  INFO      trainer                 Epoch  50/80  train=0.1210  val=0.0303  lr=1.50e-04  grad=0.032
2026-03-19 10:58:30  INFO      trainer                 Epoch  60/80  train=0.1203  val=0.0308  lr=3.51e-05  grad=0.032
2026-03-19 10:58:31  INFO      trainer                 Early stop epoch=62  best_val=0.0302  best_epoch=47
2026-03-19 10:58:31  INFO      trainer                 gru done  best_epoch=47  best_val=0.0302
2026-03-19 10:58:31  INFO      pipeline                Saved gru checkpoint → results\checkpoints\gru.pt
2026-03-19 10:58:31  INFO      pipeline              
  transformer (pos_weight=1.000) ...
2026-03-19 10:58:31  INFO      pipeline                Params: 88,449
2026-03-19 10:58:31  INFO      trainer                 transformer  device=cpu  AMP=False  lr=3.00e-04  pos_weight=1.00  warmup=5ep  patience=15
2026-03-19 10:58:31  INFO      trainer                 Epoch   1/80  train=0.6143  val=0.5844  lr=6.00e-05  grad=1.141
2026-03-19 10:58:32  INFO      trainer                 Epoch   2/80  train=0.4405  val=0.3666  lr=1.20e-04  grad=0.996
2026-03-19 10:58:32  INFO      trainer                 Epoch   3/80  train=0.2818  val=0.2189  lr=1.80e-04  grad=0.840
2026-03-19 10:58:32  INFO      trainer                 Epoch   4/80  train=0.1963  val=0.1347  lr=2.40e-04  grad=0.616
2026-03-19 10:58:33  INFO      trainer                 Epoch   5/80  train=0.1500  val=0.0835  lr=3.00e-04  grad=0.385
2026-03-19 10:58:33  INFO      trainer                 Epoch   6/80  train=0.1284  val=0.0591  lr=2.91e-04  grad=0.211
2026-03-19 10:58:33  INFO      trainer                 Epoch   7/80  train=0.1218  val=0.0472  lr=2.65e-04  grad=0.112
2026-03-19 10:58:33  INFO      trainer                 Epoch   8/80  train=0.1194  val=0.0416  lr=2.25e-04  grad=0.061
2026-03-19 10:58:34  INFO      trainer                 Epoch   9/80  train=0.1187  val=0.0390  lr=1.76e-04  grad=0.040
2026-03-19 10:58:34  INFO      trainer                 Epoch  10/80  train=0.1183  val=0.0375  lr=1.24e-04  grad=0.036
2026-03-19 10:58:34  INFO      trainer                 Epoch  11/80  train=0.1183  val=0.0367  lr=7.50e-05  grad=0.040
2026-03-19 10:58:34  INFO      trainer                 Epoch  12/80  train=0.1186  val=0.0362  lr=3.51e-05  grad=0.034
2026-03-19 10:58:35  INFO      trainer                 Epoch  13/80  train=0.1181  val=0.0360  lr=9.05e-06  grad=0.035
2026-03-19 10:58:35  INFO      trainer                 Epoch  14/80  train=0.1179  val=0.0360  lr=3.00e-04  grad=0.036
2026-03-19 10:58:35  INFO      trainer                 Epoch  15/80  train=0.1181  val=0.0344  lr=2.98e-04  grad=0.031
2026-03-19 10:58:36  INFO      trainer                 Epoch  16/80  train=0.1185  val=0.0340  lr=2.91e-04  grad=0.037
2026-03-19 10:58:36  INFO      trainer                 Epoch  17/80  train=0.1182  val=0.0336  lr=2.80e-04  grad=0.028
2026-03-19 10:58:36  INFO      trainer                 Epoch  18/80  train=0.1176  val=0.0329  lr=2.65e-04  grad=0.029
2026-03-19 10:58:36  INFO      trainer                 Epoch  19/80  train=0.1187  val=0.0326  lr=2.46e-04  grad=0.033
2026-03-19 10:58:37  INFO      trainer                 Epoch  20/80  train=0.1175  val=0.0325  lr=2.25e-04  grad=0.028
2026-03-19 10:58:37  INFO      trainer                 Epoch  21/80  train=0.1177  val=0.0321  lr=2.01e-04  grad=0.030
2026-03-19 10:58:37  INFO      trainer                 Epoch  22/80  train=0.1180  val=0.0320  lr=1.76e-04  grad=0.028
2026-03-19 10:58:38  INFO      trainer                 Epoch  23/80  train=0.1179  val=0.0317  lr=1.50e-04  grad=0.029
2026-03-19 10:58:38  INFO      trainer                 Epoch  24/80  train=0.1178  val=0.0316  lr=1.24e-04  grad=0.027
2026-03-19 10:58:38  INFO      trainer                 Epoch  25/80  train=0.1175  val=0.0313  lr=9.87e-05  grad=0.033
2026-03-19 10:58:38  INFO      trainer                 Epoch  26/80  train=0.1179  val=0.0312  lr=7.50e-05  grad=0.033
2026-03-19 10:58:39  INFO      trainer                 Epoch  28/80  train=0.1178  val=0.0311  lr=3.51e-05  grad=0.025
2026-03-19 10:58:39  INFO      trainer                 Epoch  29/80  train=0.1177  val=0.0311  lr=2.01e-05  grad=0.032
2026-03-19 10:58:40  INFO      trainer                 Epoch  30/80  train=0.1173  val=0.0311  lr=9.05e-06  grad=0.028
2026-03-19 10:58:40  INFO      trainer                 Epoch  31/80  train=0.1177  val=0.0310  lr=2.28e-06  grad=0.027
2026-03-19 10:58:40  INFO      trainer                 Epoch  33/80  train=0.1177  val=0.0308  lr=2.99e-04  grad=0.030
2026-03-19 10:58:41  INFO      trainer                 Epoch  34/80  train=0.1181  val=0.0302  lr=2.98e-04  grad=0.028
2026-03-19 10:58:41  INFO      trainer                 Epoch  36/80  train=0.1182  val=0.0296  lr=2.91e-04  grad=0.030
2026-03-19 10:58:42  INFO      trainer                 Epoch  38/80  train=0.1181  val=0.0292  lr=2.80e-04  grad=0.027
2026-03-19 10:58:42  INFO      trainer                 Epoch  40/80  train=0.1174  val=0.0292  lr=2.65e-04  grad=0.030
2026-03-19 10:58:43  INFO      trainer                 Epoch  43/80  train=0.1167  val=0.0289  lr=2.36e-04  grad=0.023
2026-03-19 10:58:44  INFO      trainer                 Epoch  47/80  train=0.1173  val=0.0285  lr=1.89e-04  grad=0.029
2026-03-19 10:58:45  INFO      trainer                 Epoch  50/80  train=0.1167  val=0.0290  lr=1.50e-04  grad=0.027
2026-03-19 10:58:46  INFO      trainer                 Epoch  53/80  train=0.1169  val=0.0285  lr=1.11e-04  grad=0.026
2026-03-19 10:58:48  INFO      trainer                 Epoch  60/80  train=0.1167  val=0.0289  lr=3.51e-05  grad=0.032
2026-03-19 10:58:50  INFO      trainer                 Early stop epoch=68  best_val=0.0285  best_epoch=53
2026-03-19 10:58:50  INFO      trainer                 transformer done  best_epoch=53  best_val=0.0285
2026-03-19 10:58:50  INFO      pipeline                Saved transformer checkpoint → results\checkpoints\transformer.pt
2026-03-19 10:58:50  INFO      pipeline              
  tcn (pos_weight=1.000) ...
2026-03-19 10:58:50  INFO      pipeline                Params: 30,529
2026-03-19 10:58:50  INFO      trainer                 tcn  device=cpu  AMP=False  lr=3.00e-04  pos_weight=1.00  warmup=5ep  patience=15
2026-03-19 10:58:51  INFO      trainer                 Epoch   1/80  train=0.7462  val=0.7926  lr=6.00e-05  grad=2.231
2026-03-19 10:58:51  INFO      trainer                 Epoch   2/80  train=0.6725  val=0.7091  lr=1.20e-04  grad=1.780
2026-03-19 10:58:52  INFO      trainer                 Epoch   3/80  train=0.5905  val=0.6002  lr=1.80e-04  grad=1.470
2026-03-19 10:58:52  INFO      trainer                 Epoch   4/80  train=0.4914  val=0.5086  lr=2.40e-04  grad=1.304
2026-03-19 10:58:53  INFO      trainer                 Epoch   5/80  train=0.3696  val=0.4380  lr=3.00e-04  grad=1.083
2026-03-19 10:58:53  INFO      trainer                 Epoch   6/80  train=0.2526  val=0.3838  lr=2.91e-04  grad=0.854
2026-03-19 10:58:54  INFO      trainer                 Epoch   7/80  train=0.1886  val=0.3458  lr=2.65e-04  grad=0.576
2026-03-19 10:58:54  INFO      trainer                 Epoch   8/80  train=0.1651  val=0.3142  lr=2.25e-04  grad=0.421
2026-03-19 10:58:55  INFO      trainer                 Epoch   9/80  train=0.1585  val=0.2924  lr=1.76e-04  grad=0.345
2026-03-19 10:58:55  INFO      trainer                 Epoch  10/80  train=0.1532  val=0.2759  lr=1.24e-04  grad=0.325
2026-03-19 10:58:56  INFO      trainer                 Epoch  11/80  train=0.1509  val=0.2679  lr=7.50e-05  grad=0.299
2026-03-19 10:58:56  INFO      trainer                 Epoch  12/80  train=0.1470  val=0.2624  lr=3.51e-05  grad=0.278
2026-03-19 10:58:57  INFO      trainer                 Epoch  13/80  train=0.1473  val=0.2603  lr=9.05e-06  grad=0.278
2026-03-19 10:58:58  INFO      trainer                 Epoch  14/80  train=0.1470  val=0.2596  lr=3.00e-04  grad=0.280
2026-03-19 10:58:58  INFO      trainer                 Epoch  15/80  train=0.1464  val=0.2390  lr=2.98e-04  grad=0.283
2026-03-19 10:58:59  INFO      trainer                 Epoch  16/80  train=0.1439  val=0.2220  lr=2.91e-04  grad=0.259
2026-03-19 10:58:59  INFO      trainer                 Epoch  17/80  train=0.1397  val=0.2072  lr=2.80e-04  grad=0.233
2026-03-19 10:59:00  INFO      trainer                 Epoch  18/80  train=0.1400  val=0.1947  lr=2.65e-04  grad=0.240
2026-03-19 10:59:00  INFO      trainer                 Epoch  19/80  train=0.1397  val=0.1832  lr=2.46e-04  grad=0.241
2026-03-19 10:59:01  INFO      trainer                 Epoch  20/80  train=0.1360  val=0.1757  lr=2.25e-04  grad=0.216
2026-03-19 10:59:01  INFO      trainer                 Epoch  21/80  train=0.1357  val=0.1700  lr=2.01e-04  grad=0.214
2026-03-19 10:59:02  INFO      trainer                 Epoch  22/80  train=0.1341  val=0.1635  lr=1.76e-04  grad=0.205
2026-03-19 10:59:02  INFO      trainer                 Epoch  23/80  train=0.1362  val=0.1580  lr=1.50e-04  grad=0.209
2026-03-19 10:59:03  INFO      trainer                 Epoch  24/80  train=0.1342  val=0.1535  lr=1.24e-04  grad=0.197
2026-03-19 10:59:03  INFO      trainer                 Epoch  25/80  train=0.1321  val=0.1510  lr=9.87e-05  grad=0.188
2026-03-19 10:59:04  INFO      trainer                 Epoch  26/80  train=0.1326  val=0.1483  lr=7.50e-05  grad=0.194
2026-03-19 10:59:04  INFO      trainer                 Epoch  27/80  train=0.1326  val=0.1465  lr=5.36e-05  grad=0.185
2026-03-19 10:59:05  INFO      trainer                 Epoch  28/80  train=0.1304  val=0.1453  lr=3.51e-05  grad=0.173
2026-03-19 10:59:05  INFO      trainer                 Epoch  29/80  train=0.1313  val=0.1445  lr=2.01e-05  grad=0.181
2026-03-19 10:59:06  INFO      trainer                 Epoch  30/80  train=0.1309  val=0.1440  lr=9.05e-06  grad=0.175
2026-03-19 10:59:06  INFO      trainer                 Epoch  31/80  train=0.1317  val=0.1438  lr=2.28e-06  grad=0.184
2026-03-19 10:59:07  INFO      trainer                 Epoch  32/80  train=0.1309  val=0.1438  lr=3.00e-04  grad=0.176
2026-03-19 10:59:07  INFO      trainer                 Epoch  33/80  train=0.1302  val=0.1378  lr=2.99e-04  grad=0.178
2026-03-19 10:59:08  INFO      trainer                 Epoch  34/80  train=0.1311  val=0.1326  lr=2.98e-04  grad=0.172
2026-03-19 10:59:08  INFO      trainer                 Epoch  35/80  train=0.1291  val=0.1287  lr=2.95e-04  grad=0.159
2026-03-19 10:59:09  INFO      trainer                 Epoch  36/80  train=0.1304  val=0.1242  lr=2.91e-04  grad=0.162
2026-03-19 10:59:09  INFO      trainer                 Epoch  37/80  train=0.1295  val=0.1203  lr=2.86e-04  grad=0.155
2026-03-19 10:59:10  INFO      trainer                 Epoch  38/80  train=0.1285  val=0.1173  lr=2.80e-04  grad=0.160
2026-03-19 10:59:10  INFO      trainer                 Epoch  39/80  train=0.1267  val=0.1146  lr=2.73e-04  grad=0.147
2026-03-19 10:59:11  INFO      trainer                 Epoch  40/80  train=0.1272  val=0.1109  lr=2.65e-04  grad=0.147
2026-03-19 10:59:11  INFO      trainer                 Epoch  41/80  train=0.1275  val=0.1094  lr=2.56e-04  grad=0.142
2026-03-19 10:59:12  INFO      trainer                 Epoch  42/80  train=0.1281  val=0.1082  lr=2.46e-04  grad=0.143
2026-03-19 10:59:12  INFO      trainer                 Epoch  43/80  train=0.1270  val=0.1069  lr=2.36e-04  grad=0.137
2026-03-19 10:59:13  INFO      trainer                 Epoch  44/80  train=0.1267  val=0.1043  lr=2.25e-04  grad=0.138
2026-03-19 10:59:13  INFO      trainer                 Epoch  45/80  train=0.1263  val=0.1021  lr=2.13e-04  grad=0.136
2026-03-19 10:59:14  INFO      trainer                 Epoch  46/80  train=0.1262  val=0.1010  lr=2.01e-04  grad=0.134
2026-03-19 10:59:14  INFO      trainer                 Epoch  47/80  train=0.1240  val=0.0983  lr=1.89e-04  grad=0.125
2026-03-19 10:59:15  INFO      trainer                 Epoch  48/80  train=0.1257  val=0.0982  lr=1.76e-04  grad=0.130
2026-03-19 10:59:15  INFO      trainer                 Epoch  49/80  train=0.1256  val=0.0980  lr=1.63e-04  grad=0.125
2026-03-19 10:59:16  INFO      trainer                 Epoch  50/80  train=0.1241  val=0.0977  lr=1.50e-04  grad=0.121
2026-03-19 10:59:16  INFO      trainer                 Epoch  51/80  train=0.1252  val=0.0963  lr=1.37e-04  grad=0.128
2026-03-19 10:59:17  INFO      trainer                 Epoch  52/80  train=0.1250  val=0.0953  lr=1.24e-04  grad=0.126
2026-03-19 10:59:17  INFO      trainer                 Epoch  53/80  train=0.1244  val=0.0951  lr=1.11e-04  grad=0.125
2026-03-19 10:59:18  INFO      trainer                 Epoch  54/80  train=0.1243  val=0.0951  lr=9.87e-05  grad=0.122
2026-03-19 10:59:18  INFO      trainer                 Epoch  55/80  train=0.1248  val=0.0944  lr=8.66e-05  grad=0.123
2026-03-19 10:59:19  INFO      trainer                 Epoch  56/80  train=0.1248  val=0.0932  lr=7.50e-05  grad=0.135
2026-03-19 10:59:19  INFO      trainer                 Epoch  57/80  train=0.1238  val=0.0931  lr=6.40e-05  grad=0.118
2026-03-19 10:59:20  INFO      trainer                 Epoch  58/80  train=0.1240  val=0.0924  lr=5.36e-05  grad=0.119
2026-03-19 10:59:20  INFO      trainer                 Epoch  59/80  train=0.1244  val=0.0921  lr=4.39e-05  grad=0.129
2026-03-19 10:59:21  INFO      trainer                 Epoch  60/80  train=0.1237  val=0.0917  lr=3.51e-05  grad=0.114
2026-03-19 10:59:21  INFO      trainer                 Epoch  61/80  train=0.1241  val=0.0914  lr=2.71e-05  grad=0.118
2026-03-19 10:59:22  INFO      trainer                 Epoch  62/80  train=0.1256  val=0.0913  lr=2.01e-05  grad=0.121
2026-03-19 10:59:22  INFO      trainer                 Epoch  63/80  train=0.1243  val=0.0911  lr=1.41e-05  grad=0.121
2026-03-19 10:59:23  INFO      trainer                 Epoch  64/80  train=0.1240  val=0.0911  lr=9.05e-06  grad=0.127
2026-03-19 10:59:23  INFO      trainer                 Epoch  65/80  train=0.1240  val=0.0910  lr=5.11e-06  grad=0.120
2026-03-19 10:59:24  INFO      trainer                 Epoch  66/80  train=0.1240  val=0.0910  lr=2.28e-06  grad=0.116
2026-03-19 10:59:24  INFO      trainer                 Epoch  67/80  train=0.1249  val=0.0910  lr=5.71e-07  grad=0.129
2026-03-19 10:59:25  INFO      trainer                 Epoch  68/80  train=0.1237  val=0.0910  lr=3.00e-04  grad=0.112
2026-03-19 10:59:25  INFO      trainer                 Epoch  69/80  train=0.1243  val=0.0894  lr=3.00e-04  grad=0.115
2026-03-19 10:59:26  INFO      trainer                 Epoch  70/80  train=0.1233  val=0.0887  lr=2.99e-04  grad=0.118
2026-03-19 10:59:26  INFO      trainer                 Epoch  71/80  train=0.1260  val=0.0879  lr=2.99e-04  grad=0.123
2026-03-19 10:59:27  INFO      trainer                 Epoch  72/80  train=0.1246  val=0.0868  lr=2.98e-04  grad=0.115
2026-03-19 10:59:28  INFO      trainer                 Epoch  74/80  train=0.1243  val=0.0841  lr=2.95e-04  grad=0.111
2026-03-19 10:59:28  INFO      trainer                 Epoch  75/80  train=0.1239  val=0.0832  lr=2.93e-04  grad=0.109
2026-03-19 10:59:29  INFO      trainer                 Epoch  76/80  train=0.1233  val=0.0813  lr=2.91e-04  grad=0.110
2026-03-19 10:59:30  INFO      trainer                 Epoch  78/80  train=0.1230  val=0.0803  lr=2.86e-04  grad=0.114
2026-03-19 10:59:31  INFO      trainer                 Epoch  80/80  train=0.1232  val=0.0817  lr=2.80e-04  grad=0.110
2026-03-19 10:59:31  INFO      trainer                 tcn done  best_epoch=78  best_val=0.0803
2026-03-19 10:59:31  INFO      pipeline                Saved tcn checkpoint → results\checkpoints\tcn.pt
2026-03-19 10:59:31  INFO      pipeline              
============================================================
  STEP 7 / 10  --  Ensemble
============================================================
2026-03-19 10:59:31  WARNING   ensemble                XGBoost          AUC failed (ValueError: continuous format is not supported) — defaulting to 0.5.
2026-03-19 10:59:31  WARNING   ensemble                LSTM             AUC failed (ValueError: continuous format is not supported) — defaulting to 0.5.
2026-03-19 10:59:31  WARNING   ensemble                GRU              AUC failed (ValueError: continuous format is not supported) — defaulting to 0.5.
2026-03-19 10:59:31  WARNING   ensemble                Transformer      AUC failed (ValueError: continuous format is not supported) — defaulting to 0.5.
2026-03-19 10:59:31  WARNING   ensemble                TCN              AUC failed (ValueError: continuous format is not supported) — defaulting to 0.5.
2026-03-19 10:59:31  INFO      ensemble                AUC weights: XGBoost=0.200  LSTM=0.200  GRU=0.200  Transformer=0.200  TCN=0.200
2026-03-19 10:59:31  WARNING   ensemble                Platt calibration failed for 'XGBoost' (ValueError: Unknown label type: continuous. Maybe you are trying to fit a classifier, which expects discrete classes on a regression target with continuous values.) — excluded from calibrated ensemble.
2026-03-19 10:59:31  WARNING   ensemble                Platt calibration failed for 'LSTM' (ValueError: Unknown label type: continuous. Maybe you are trying to fit a classifier, which expects discrete classes on a regression target with continuous values.) — excluded from calibrated ensemble.
2026-03-19 10:59:31  WARNING   ensemble                Platt calibration failed for 'GRU' (ValueError: Unknown label type: continuous. Maybe you are trying to fit a classifier, which expects discrete classes on a regression target with continuous values.) — excluded from calibrated ensemble.
2026-03-19 10:59:31  WARNING   ensemble                Platt calibration failed for 'Transformer' (ValueError: Unknown label type: continuous. Maybe you are trying to fit a classifier, which expects discrete classes on a regression target with continuous values.) — excluded from calibrated ensemble.
2026-03-19 10:59:31  WARNING   ensemble                Platt calibration failed for 'TCN' (ValueError: Unknown label type: continuous. Maybe you are trying to fit a classifier, which expects discrete classes on a regression target with continuous values.) — excluded from calibrated ensemble.
2026-03-19 10:59:31  CRITICAL  pipeline.exception    [run=fa7a5ae7] [step=init] UNHANDLED EXCEPTION:
Traceback (most recent call last):
  File "C:\Users\moham\OneDrive\Desktop\v5\main.py", line 735, in <module>
    main(run_cfg)
    ~~~~^^^^^^^^^
  File "C:\Users\moham\OneDrive\Desktop\v5\main.py", line 383, in main
    ens.fit(stack_probs=stack_probs, stack_y=ystack[-N_stk:],
    ~~~~~~~^^^^^^^^^^^^^^^^^^^^^^^^^^^^^^^^^^^^^^^^^^^^^^^^^^
            val_probs=val_probs,     val_y=yva_e[-N_va:])   # FIX: yva_e = val second half
            ^^^^^^^^^^^^^^^^^^^^^^^^^^^^^^^^^^^^^^^^^^^^^
  File "C:\Users\moham\OneDrive\Desktop\v5\ensemble.py", line 282, in fit
    self._meta.fit(X_stack, stack_y_aligned)
    ~~~~~~~~~~~~~~^^^^^^^^^^^^^^^^^^^^^^^^^^
  File "C:\Users\moham\AppData\Local\Python\pythoncore-3.14-64\Lib\site-packages\sklearn\base.py", line 1336, in wrapper
    return fit_method(estimator, *args, **kwargs)
  File "C:\Users\moham\AppData\Local\Python\pythoncore-3.14-64\Lib\site-packages\sklearn\linear_model\_logistic.py", line 1201, in fit
    check_classification_targets(y)
    ~~~~~~~~~~~~~~~~~~~~~~~~~~~~^^^
  File "C:\Users\moham\AppData\Local\Python\pythoncore-3.14-64\Lib\site-packages\sklearn\utils\multiclass.py", line 221, in check_classification_targets
    raise ValueError(
    ...<3 lines>...
    )
ValueError: Unknown label type: continuous. Maybe you are trying to fit a classifier, which expects discrete classes on a regression target with continuous values.

